<!DOCTYPE html PUBLIC "-//W3C//DTD XHTML 1.1//EN" "http://www.w3.org/TR/xhtml11/DTD/xhtml11.dtd">
<html xmlns="http://www.w3.org/1999/xhtml">
<head>
<meta http-equiv="content-type" content="text/html; charset=UTF-8"/>
<title>TestNG Report</title>
<style type="text/css">table {margin-bottom:10px;border-collapse:collapse;empty-cells:show}th,td {border:1px solid #009;padding:.25em .5em}th {vertical-align:bottom}td {vertical-align:top}table a {font-weight:bold}.stripe td {background-color: #E6EBF9}.num {text-align:right}.passedodd td {background-color: #3F3}.passedeven td {background-color: #0A0}.skippedodd td {background-color: #DDD}.skippedeven td {background-color: #CCC}.failedodd td,.attn {background-color: #F33}.failedeven td,.stripe .attn {background-color: #D00}.stacktrace {white-space:pre;font-family:monospace}.totop {font-size:85%;text-align:center;border-bottom:2px solid #000}.invisible {display:none}</style>
</head>
<body>
<table>
<tr><th>Test</th><th># Passed</th><th># Skipped</th><th># Retried</th><th># Failed</th><th>Time (ms)</th><th>Included Groups</th><th>Excluded Groups</th></tr>
<tr><th colspan="8">Command line suite</th></tr>
<tr><td><a href="#t0">Command line test</a></td><td class="num">7</td><td class="num">0</td><td class="num">0</td><td class="num attn">7</td><td class="num">294,094</td><td></td><td></td></tr>
</table>
<table id='summary'><thead><tr><th>Class</th><th>Method</th><th>Start</th><th>Time (ms)</th></tr></thead><tbody><tr><th colspan="4">Command line suite</th></tr></tbody><tbody id="t0"><tr><th colspan="4">Command line test &#8212; failed</th></tr><tr class="failedeven"><td rowspan="7">tests.DropdownsTest</td><td><a href="#m0">option2</a></td><td rowspan="1">1580639092509</td><td rowspan="1">263</td></tr><tr class="failedeven"><td><a href="#m1">option3</a></td><td rowspan="1">1580639111904</td><td rowspan="1">262</td></tr><tr class="failedeven"><td><a href="#m2">option4</a></td><td rowspan="1">1580639125751</td><td rowspan="1">1844</td></tr><tr class="failedeven"><td><a href="#m3">option5</a></td><td rowspan="1">1580639139832</td><td rowspan="1">1333</td></tr><tr class="failedeven"><td><a href="#m4">option6</a></td><td rowspan="1">1580639154337</td><td rowspan="1">1934</td></tr><tr class="failedeven"><td><a href="#m5">option7</a></td><td rowspan="1">1580639175828</td><td rowspan="1">289</td></tr><tr class="failedeven"><td><a href="#m6">option8</a></td><td rowspan="1">1580639198420</td><td rowspan="1">308</td></tr><tr><th colspan="4">Command line test &#8212; passed</th></tr><tr class="passedeven"><td rowspan="1">tests.AutenticacionTest</td><td><a href="#m7">AutenticationFailed</a></td><td rowspan="1">1580638993677</td><td rowspan="1">4871</td></tr><tr class="passedodd"><td rowspan="2">tests.BusquedaTest</td><td><a href="#m8">busquedaExistente</a></td><td rowspan="1">1580639016207</td><td rowspan="1">7260</td></tr><tr class="passedodd"><td><a href="#m9">busquedaNoExistente</a></td><td rowspan="1">1580639037602</td><td rowspan="1">2206</td></tr><tr class="passedeven"><td rowspan="1">tests.DropdownsTest</td><td><a href="#m10">option1</a></td><td rowspan="1">1580639070294</td><td rowspan="1">171</td></tr><tr class="passedodd"><td rowspan="3">tests.SeccionesTest</td><td><a href="#m11">dress</a></td><td rowspan="1">1580639212917</td><td rowspan="1">11255</td></tr><tr class="passedodd"><td><a href="#m12">women</a></td><td rowspan="1">1580639241556</td><td rowspan="1">11556</td></tr><tr class="passedodd"><td><a href="#m13">yolo</a></td><td rowspan="1">1580639268497</td><td rowspan="1">5519</td></tr></tbody>
</table>
<h2>Command line test</h2><h3 id="m0">tests.DropdownsTest#option2</h3><table class="result"><tr><th>Exception</th></tr><tr><td><div class="stacktrace">java.lang.AssertionError: expected [position:asc] but found [price:asc]
	at tests.DropdownsTest.option2(DropdownsTest.java:26)
	at java.util.ArrayList.forEach(ArrayList.java:1249)
... Removed 42 stack frames</div></td></tr></table><p class="totop"><a href="#summary">back to summary</a></p>
<h3 id="m1">tests.DropdownsTest#option3</h3><table class="result"><tr><th>Exception</th></tr><tr><td><div class="stacktrace">java.lang.AssertionError: expected [position:asc] but found [price:desc]
	at tests.DropdownsTest.option3(DropdownsTest.java:30)
	at java.util.ArrayList.forEach(ArrayList.java:1249)
... Removed 42 stack frames</div></td></tr></table><p class="totop"><a href="#summary">back to summary</a></p>
<h3 id="m2">tests.DropdownsTest#option4</h3><table class="result"><tr><th>Exception</th></tr><tr><td><div class="stacktrace">java.lang.AssertionError: expected [position:asc] but found [name:asc]
	at tests.DropdownsTest.option4(DropdownsTest.java:34)
	at java.util.ArrayList.forEach(ArrayList.java:1249)
... Removed 42 stack frames</div></td></tr></table><p class="totop"><a href="#summary">back to summary</a></p>
<h3 id="m3">tests.DropdownsTest#option5</h3><table class="result"><tr><th>Exception</th></tr><tr><td><div class="stacktrace">java.lang.AssertionError: expected [position:asc] but found [name:desc]
	at tests.DropdownsTest.option5(DropdownsTest.java:38)
	at java.util.ArrayList.forEach(ArrayList.java:1249)
... Removed 42 stack frames</div></td></tr></table><p class="totop"><a href="#summary">back to summary</a></p>
<h3 id="m4">tests.DropdownsTest#option6</h3><table class="result"><tr><th>Exception</th></tr><tr><td><div class="stacktrace">java.lang.AssertionError: expected [position:asc] but found [quantity:desc]
	at tests.DropdownsTest.option6(DropdownsTest.java:42)
	at java.util.ArrayList.forEach(ArrayList.java:1249)
... Removed 42 stack frames</div></td></tr></table><p class="totop"><a href="#summary">back to summary</a></p>
<h3 id="m5">tests.DropdownsTest#option7</h3><table class="result"><tr><th>Exception</th></tr><tr><td><div class="stacktrace">java.lang.AssertionError: expected [position:asc] but found [reference:asc]
	at tests.DropdownsTest.option7(DropdownsTest.java:46)
	at java.util.ArrayList.forEach(ArrayList.java:1249)
... Removed 42 stack frames</div></td></tr></table><p class="totop"><a href="#summary">back to summary</a></p>
<h3 id="m6">tests.DropdownsTest#option8</h3><table class="result"><tr><th>Exception</th></tr><tr><td><div class="stacktrace">java.lang.AssertionError: expected [position:asc] but found [reference:desc]
	at tests.DropdownsTest.option8(DropdownsTest.java:50)
	at java.util.ArrayList.forEach(ArrayList.java:1249)
... Removed 42 stack frames</div></td></tr></table><p class="totop"><a href="#summary">back to summary</a></p>
<h3 id="m7">tests.AutenticacionTest#AutenticationFailed</h3><table class="result"><tr><th class="invisible"/></tr></table><p class="totop"><a href="#summary">back to summary</a></p>
<h3 id="m8">tests.BusquedaTest#busquedaExistente</h3><table class="result"><tr><th class="invisible"/></tr></table><p class="totop"><a href="#summary">back to summary</a></p>
<h3 id="m9">tests.BusquedaTest#busquedaNoExistente</h3><table class="result"><tr><th class="invisible"/></tr></table><p class="totop"><a href="#summary">back to summary</a></p>
<h3 id="m10">tests.DropdownsTest#option1</h3><table class="result"><tr><th class="invisible"/></tr></table><p class="totop"><a href="#summary">back to summary</a></p>
<h3 id="m11">tests.SeccionesTest#dress</h3><table class="result"><tr><th class="invisible"/></tr></table><p class="totop"><a href="#summary">back to summary</a></p>
<h3 id="m12">tests.SeccionesTest#women</h3><table class="result"><tr><th class="invisible"/></tr></table><p class="totop"><a href="#summary">back to summary</a></p>
<h3 id="m13">tests.SeccionesTest#yolo</h3><table class="result"><tr><th class="invisible"/></tr></table><p class="totop"><a href="#summary">back to summary</a></p>
</body>
</html>
