-------------------------------------------------------------------------------
Test set: tests.DropdownsTest
-------------------------------------------------------------------------------
Tests run: 1, Failures: 1, Errors: 0, Skipped: 0, Time elapsed: 26.952 sec <<< FAILURE!
option2(tests.DropdownsTest)  Time elapsed: 0.296 sec  <<< FAILURE!
java.lang.AssertionError: expected [position:asc] but found [price:asc]
	at org.testng.Assert.fail(Assert.java:97)
	at org.testng.Assert.assertEqualsImpl(Assert.java:136)
	at org.testng.Assert.assertEquals(Assert.java:118)
	at org.testng.Assert.assertEquals(Assert.java:575)
	at org.testng.Assert.assertEquals(Assert.java:585)
	at tests.DropdownsTest.option2(DropdownsTest.java:26)

