<?xml version="1.0" encoding="UTF-8"?>
<!-- Generated by org.testng.reporters.JUnitXMLReporter -->
<testsuite hostname="Chomping" ignored="7" name="Command line test" tests="1" failures="1" timestamp="2020-02-09T00:33:26 UYT" time="26.393" errors="0">
  <testcase name="option2" time="0.291" classname="tests.DropdownsTest">
    <failure type="java.lang.AssertionError" message="expected [position:asc] but found [price:asc]">
      <![CDATA[java.lang.AssertionError: expected [position:asc] but found [price:asc]
at tests.DropdownsTest.option2(DropdownsTest.java:26)
at java.util.ArrayList.forEach(ArrayList.java:1249)
... Removed 41 stack frames]]>
    </failure>
  </testcase> <!-- option2 -->
  <testcase name="option3" time="0.0" classname="tests.DropdownsTest">
    <ignored/>
  </testcase> <!-- option3 -->
  <testcase name="option4" time="0.0" classname="tests.DropdownsTest">
    <ignored/>
  </testcase> <!-- option4 -->
  <testcase name="option5" time="0.0" classname="tests.DropdownsTest">
    <ignored/>
  </testcase> <!-- option5 -->
  <testcase name="option1" time="0.0" classname="tests.DropdownsTest">
    <ignored/>
  </testcase> <!-- option1 -->
  <testcase name="option6" time="0.0" classname="tests.DropdownsTest">
    <ignored/>
  </testcase> <!-- option6 -->
  <testcase name="option7" time="0.0" classname="tests.DropdownsTest">
    <ignored/>
  </testcase> <!-- option7 -->
  <testcase name="option8" time="0.0" classname="tests.DropdownsTest">
    <ignored/>
  </testcase> <!-- option8 -->
</testsuite> <!-- Command line test -->
